Unity Editor version:    2020.3.27f1 (e759542391ea)
Branch:                  2020.3/release
Build type:              Release
Batch mode:              YES
macOS version:           Version 11.6.8 (Build 20G730)
Darwin version:          20.6.0
Architecture:            x86_64
Running under Rosetta:   NO
Available memory:        16384 MB
Using pre-set license
Pro License: NO

COMMAND LINE ARGUMENTS:
/Applications/2020.3.27f1/Unity.app/Contents/MacOS/Unity
-adb2
-batchMode
-noUpm
-name
AssetImportWorker0
-projectPath
/Users/game1/Desktop/rubys 2d
-logFile
Logs/AssetImportWorker0.log
-srvPort
59764
Successfully changed project path to: /Users/game1/Desktop/rubys 2d
/Users/game1/Desktop/rubys 2d
Using Asset Import Pipeline V2.
Refreshing native plugins compatible for Editor in 40.48 ms, found 3 plugins.
Preloading 0 native plugins for Editor in 0.00 ms.
Initialize engine version: 2020.3.27f1 (e759542391ea)
[Subsystems] Discovering subsystems at path /Applications/2020.3.27f1/Unity.app/Contents/Resources/UnitySubsystems
[Subsystems] Discovering subsystems at path /Users/game1/Desktop/rubys 2d/Assets
GfxDevice: creating device client; threaded=0
2024-01-19 08:53:52.054 Unity[15502:699883] iMac preferred device: AMD Radeon Pro 5500 XT (high power)
2024-01-19 08:53:52.054 Unity[15502:699883] Metal devices available: 1
2024-01-19 08:53:52.054 Unity[15502:699883] 0: AMD Radeon Pro 5500 XT (high power)
2024-01-19 08:53:52.054 Unity[15502:699883] Using device AMD Radeon Pro 5500 XT (high power)
Initializing Metal device caps: AMD Radeon Pro 5500 XT
Initialize mono
Mono path[0] = '/Applications/2020.3.27f1/Unity.app/Contents/Managed'
Mono path[1] = '/Applications/2020.3.27f1/Unity.app/Contents/MonoBleedingEdge/lib/mono/unityjit'
Mono config path = '/Applications/2020.3.27f1/Unity.app/Contents/MonoBleedingEdge/etc'
Using monoOptions --debugger-agent=transport=dt_socket,embedding=1,server=y,suspend=n,address=127.0.0.1:56502
Begin MonoManager ReloadAssembly
Registering precompiled unity dll's ...
Register platform support module: /Applications/2020.3.27f1/Unity.app/Contents/PlaybackEngines/MacStandaloneSupport/UnityEditor.OSXStandalone.Extensions.dll
Registered in 0.000445 seconds.
Native extension for OSXStandalone target not found
Refreshing native plugins compatible for Editor in 35.12 ms, found 3 plugins.
Preloading 0 native plugins for Editor in 0.00 ms.
Mono: successfully reloaded assembly
- Completed reload, in  0.530 seconds
Domain Reload Profiling:
	ReloadAssembly (531ms)
		BeginReloadAssembly (37ms)
			ExecutionOrderSort (0ms)
			DisableScriptedObjects (0ms)
			BackupInstance (0ms)
			ReleaseScriptingObjects (0ms)
			CreateAndSetChildDomain (1ms)
		EndReloadAssembly (428ms)
			LoadAssemblies (37ms)
			RebuildTransferFunctionScriptingTraits (0ms)
			SetupTypeCache (156ms)
			ReleaseScriptCaches (0ms)
			RebuildScriptCaches (36ms)
			SetupLoadedEditorAssemblies (163ms)
				LogAssemblyErrors (0ms)
				InitializePlatformSupportModulesInManaged (4ms)
				SetLoadedEditorAssemblies (0ms)
				RefreshPlugins (35ms)
				BeforeProcessingInitializeOnLoad (7ms)
				ProcessInitializeOnLoadAttributes (91ms)
				ProcessInitializeOnLoadMethodAttributes (26ms)
				AfterProcessingInitializeOnLoad (0ms)
				EditorAssembliesLoaded (0ms)
			ExecutionOrderSort2 (0ms)
			AwakeInstancesAfterBackupRestoration (0ms)
Platform modules already initialized, skipping
Registering precompiled user dll's ...
Registered in 0.003679 seconds.
Begin MonoManager ReloadAssembly
Native extension for OSXStandalone target not found
Refreshing native plugins compatible for Editor in 33.93 ms, found 3 plugins.
Preloading 0 native plugins for Editor in 0.00 ms.
Mono: successfully reloaded assembly
- Completed reload, in  1.011 seconds
Domain Reload Profiling:
	ReloadAssembly (1012ms)
		BeginReloadAssembly (135ms)
			ExecutionOrderSort (0ms)
			DisableScriptedObjects (4ms)
			BackupInstance (0ms)
			ReleaseScriptingObjects (0ms)
			CreateAndSetChildDomain (28ms)
		EndReloadAssembly (822ms)
			LoadAssemblies (66ms)
			RebuildTransferFunctionScriptingTraits (0ms)
			SetupTypeCache (304ms)
			ReleaseScriptCaches (0ms)
			RebuildScriptCaches (50ms)
			SetupLoadedEditorAssemblies (291ms)
				LogAssemblyErrors (0ms)
				InitializePlatformSupportModulesInManaged (3ms)
				SetLoadedEditorAssemblies (0ms)
				RefreshPlugins (36ms)
				BeforeProcessingInitializeOnLoad (52ms)
				ProcessInitializeOnLoadAttributes (185ms)
				ProcessInitializeOnLoadMethodAttributes (14ms)
				AfterProcessingInitializeOnLoad (1ms)
				EditorAssembliesLoaded (0ms)
			ExecutionOrderSort2 (0ms)
			AwakeInstancesAfterBackupRestoration (6ms)
Platform modules already initialized, skipping
Validating Project structure ... 0.002551 seconds.
Shader import version has changed; will reimport all shaders...
Upgrading shader files ...0.002550 seconds.
Application.AssetDatabase Initial Script Refresh Start
RefreshInfo: InitialScriptRefreshV2(NoUpdateAssetOptions) scanfilter:  ... 1 filters
RefreshProfiler: Total: 0.000ms
Application.AssetDatabase Initial Script Refresh End
Application.AssetDatabase.Refresh Start
Application.AssetDatabase.Refresh End
RefreshInfo: StopAssetImportingV2(ForceSynchronousImport) scanfilter: 
RefreshProfiler: Total: 0.000ms
Launching external process: /Applications/2020.3.27f1/Unity.app/Contents/Tools/UnityShaderCompiler
Launched and connected shader compiler UnityShaderCompiler after 0.01 seconds
Initializing Unity extensions:
========================================================================
Worker process is ready to serve import requests
Refreshing native plugins compatible for Editor in 0.36 ms, found 3 plugins.
Preloading 0 native plugins for Editor in 0.00 ms.
Unloading 2203 Unused Serialized files (Serialized files now loaded: 0)
System memory in use before: 212.6 MB.
System memory in use after: 211.7 MB.

Unloading 107 unused Assets to reduce memory usage. Loaded Objects now: 2671.
Total: 2.831459 ms (FindLiveObjects: 0.168587 ms CreateObjectMapping: 0.079395 ms MarkObjects: 2.142945 ms  DeleteObjects: 0.439844 ms)

AssetImportParameters requested are different than current active one (requested -> active):
  custom:video-decoder-ogg-theora: a1e56fd34408186e4bbccfd4996cb3dc -> 
  custom:container-muxer-webm: aa71ff27fc2769a1b78a27578f13a17b -> 
  custom:container-demuxer-webm: 4f35f7cbe854078d1ac9338744f61a02 -> 
  custom:container-demuxer-ogg: 62fdf1f143b41e24485cea50d1cbac27 -> 
  custom:video-encoder-webm-vp8: eb34c28f22e8b96e1ab97ce403110664 -> 
  custom:framework-osx-AVFoundation: e770b220cccbd017edd2c1fefb359320 -> 
  custom:video-decoder-webm-vp8: 9c59270c3fd7afecdb556c50c9e8de78 -> 
  custom:audio-decoder-ogg-vorbis: bf7c407c2cedff20999df2af8eb42d56 -> 
  custom:audio-encoder-webm-vorbis: bf7c407c2cedff20999df2af8eb42d56 -> 
========================================================================
Received Import Request.
  path: Assets/Scripts/RubyController.cs
  artifactKey: Guid(7be5c9220d0d0504591c18793dd6ad18) Importer(815301076,1909f56bfc062723c751e8b465ee728b)
Start importing Assets/Scripts/RubyController.cs using Guid(7be5c9220d0d0504591c18793dd6ad18) Importer(815301076,1909f56bfc062723c751e8b465ee728b)  -> (artifact id: '2e7e0a7c51ea9e2750459edead272a63') in 0.267344 seconds 
  Import took 0.274008 seconds .

========================================================================
Received Import Request.
  Time since last request: 9.456982 seconds.
  path: ProjectSettings/TagManager.asset
  artifactKey: Guid(00000000000000003000000000000000) Importer(815301076,1909f56bfc062723c751e8b465ee728b)
Start importing ProjectSettings/TagManager.asset using Guid(00000000000000003000000000000000) Importer(815301076,1909f56bfc062723c751e8b465ee728b)  -> (artifact id: 'ce6a35c3cddc746e7501c0bd0ed6d4ce') in 0.842858 seconds 
  Import took 0.849545 seconds .

========================================================================
Received Import Request.
  Time since last request: 57.932741 seconds.
  path: Assets/prefab/CollectibleHealth.prefab
  artifactKey: Guid(44299d540ec36432a928e1417ae74dd3) Importer(815301076,1909f56bfc062723c751e8b465ee728b)
Start importing Assets/prefab/CollectibleHealth.prefab using Guid(44299d540ec36432a928e1417ae74dd3) Importer(815301076,1909f56bfc062723c751e8b465ee728b)  -> (artifact id: 'e52782630c2a7dc8841e21d7ff568c0d') in 0.277357 seconds 
  Import took 0.283062 seconds .

========================================================================
Received Import Request.
  Time since last request: 0.000153 seconds.
  path: Assets/prefab/robot.prefab
  artifactKey: Guid(e5a1a9e506c604970aed0e56f3bc2e85) Importer(815301076,1909f56bfc062723c751e8b465ee728b)
Start importing Assets/prefab/robot.prefab using Guid(e5a1a9e506c604970aed0e56f3bc2e85) Importer(815301076,1909f56bfc062723c751e8b465ee728b)  -> (artifact id: '8f22f2870f3cc1eb2b0c62c333c20986') in 0.012056 seconds 
  Import took 0.015494 seconds .

========================================================================
Received Import Request.
  Time since last request: 0.000146 seconds.
  path: Assets/prefab/ruby.prefab
  artifactKey: Guid(4f430b71628054332894ffeac4c8d185) Importer(815301076,1909f56bfc062723c751e8b465ee728b)
Start importing Assets/prefab/ruby.prefab using Guid(4f430b71628054332894ffeac4c8d185) Importer(815301076,1909f56bfc062723c751e8b465ee728b)  -> (artifact id: '6f19e0dc70a7ae974a34becf0ab24fbb') in 0.010759 seconds 
  Import took 0.014293 seconds .

========================================================================
Received Import Request.
  Time since last request: 5.981929 seconds.
  path: Assets/prefab/robot.prefab
  artifactKey: Guid(e5a1a9e506c604970aed0e56f3bc2e85) Importer(815301076,1909f56bfc062723c751e8b465ee728b)
Start importing Assets/prefab/robot.prefab using Guid(e5a1a9e506c604970aed0e56f3bc2e85) Importer(815301076,1909f56bfc062723c751e8b465ee728b)  -> (artifact id: '89edc746aff41bae4d3e1aece5eba649') in 0.009788 seconds 
  Import took 0.013688 seconds .

========================================================================
Received Prepare
Registering precompiled user dll's ...
Registered in 0.001874 seconds.
Begin MonoManager ReloadAssembly
Native extension for OSXStandalone target not found
Refreshing native plugins compatible for Editor in 0.41 ms, found 3 plugins.
Preloading 0 native plugins for Editor in 0.00 ms.
Mono: successfully reloaded assembly
- Completed reload, in  0.951 seconds
Domain Reload Profiling:
	ReloadAssembly (952ms)
		BeginReloadAssembly (106ms)
			ExecutionOrderSort (0ms)
			DisableScriptedObjects (5ms)
			BackupInstance (0ms)
			ReleaseScriptingObjects (0ms)
			CreateAndSetChildDomain (52ms)
		EndReloadAssembly (790ms)
			LoadAssemblies (64ms)
			RebuildTransferFunctionScriptingTraits (0ms)
			SetupTypeCache (293ms)
			ReleaseScriptCaches (1ms)
			RebuildScriptCaches (45ms)
			SetupLoadedEditorAssemblies (281ms)
				LogAssemblyErrors (0ms)
				InitializePlatformSupportModulesInManaged (4ms)
				SetLoadedEditorAssemblies (0ms)
				RefreshPlugins (0ms)
				BeforeProcessingInitializeOnLoad (84ms)
				ProcessInitializeOnLoadAttributes (182ms)
				ProcessInitializeOnLoadMethodAttributes (10ms)
				AfterProcessingInitializeOnLoad (1ms)
				EditorAssembliesLoaded (0ms)
			ExecutionOrderSort2 (0ms)
			AwakeInstancesAfterBackupRestoration (8ms)
Platform modules already initialized, skipping
Refreshing native plugins compatible for Editor in 0.38 ms, found 3 plugins.
Preloading 0 native plugins for Editor in 0.00 ms.
Unloading 2197 Unused Serialized files (Serialized files now loaded: 0)
System memory in use before: 225.7 MB.
System memory in use after: 225.7 MB.

Unloading 25 unused Assets to reduce memory usage. Loaded Objects now: 2680.
Total: 2.371374 ms (FindLiveObjects: 0.143402 ms CreateObjectMapping: 0.071297 ms MarkObjects: 2.077174 ms  DeleteObjects: 0.078940 ms)

AssetImportParameters requested are different than current active one (requested -> active):
  custom:video-decoder-ogg-theora: a1e56fd34408186e4bbccfd4996cb3dc -> 
  custom:container-muxer-webm: aa71ff27fc2769a1b78a27578f13a17b -> 
  custom:container-demuxer-webm: 4f35f7cbe854078d1ac9338744f61a02 -> 
  custom:container-demuxer-ogg: 62fdf1f143b41e24485cea50d1cbac27 -> 
  custom:video-encoder-webm-vp8: eb34c28f22e8b96e1ab97ce403110664 -> 
  custom:framework-osx-AVFoundation: e770b220cccbd017edd2c1fefb359320 -> 
  custom:video-decoder-webm-vp8: 9c59270c3fd7afecdb556c50c9e8de78 -> 
  custom:audio-decoder-ogg-vorbis: bf7c407c2cedff20999df2af8eb42d56 -> 
  custom:audio-encoder-webm-vorbis: bf7c407c2cedff20999df2af8eb42d56 -> 
========================================================================
Received Import Request.
  Time since last request: 150.983297 seconds.
  path: Assets/prefab/ruby.prefab
  artifactKey: Guid(4f430b71628054332894ffeac4c8d185) Importer(815301076,1909f56bfc062723c751e8b465ee728b)
Start importing Assets/prefab/ruby.prefab using Guid(4f430b71628054332894ffeac4c8d185) Importer(815301076,1909f56bfc062723c751e8b465ee728b)  -> (artifact id: '7e65b364f6b45e6a1bdc441d5a5d7575') in 0.046408 seconds 
  Import took 0.050830 seconds .

========================================================================
Received Import Request.
  Time since last request: 5.393866 seconds.
  path: Assets/prefab/robot.prefab
  artifactKey: Guid(e5a1a9e506c604970aed0e56f3bc2e85) Importer(815301076,1909f56bfc062723c751e8b465ee728b)
Start importing Assets/prefab/robot.prefab using Guid(e5a1a9e506c604970aed0e56f3bc2e85) Importer(815301076,1909f56bfc062723c751e8b465ee728b)  -> (artifact id: '4c41a6cd89f16ab45b50e1025680673f') in 0.008034 seconds 
  Import took 0.011758 seconds .

========================================================================
Received Import Request.
  Time since last request: 6.986655 seconds.
  path: Assets/prefab/robot.prefab
  artifactKey: Guid(e5a1a9e506c604970aed0e56f3bc2e85) Importer(815301076,1909f56bfc062723c751e8b465ee728b)
Start importing Assets/prefab/robot.prefab using Guid(e5a1a9e506c604970aed0e56f3bc2e85) Importer(815301076,1909f56bfc062723c751e8b465ee728b)  -> (artifact id: '9c1ff70a15aea9f8beb96b57173e3232') in 0.008414 seconds 
  Import took 0.011663 seconds .

========================================================================
Received Import Request.
  Time since last request: 3.847850 seconds.
  path: Assets/prefab/robot.prefab
  artifactKey: Guid(e5a1a9e506c604970aed0e56f3bc2e85) Importer(815301076,1909f56bfc062723c751e8b465ee728b)
Start importing Assets/prefab/robot.prefab using Guid(e5a1a9e506c604970aed0e56f3bc2e85) Importer(815301076,1909f56bfc062723c751e8b465ee728b)  -> (artifact id: '8c05d3b505c0da9a5b47a9f9cbf3cb29') in 0.007845 seconds 
  Import took 0.011220 seconds .

========================================================================
Received Import Request.
  Time since last request: 5.033144 seconds.
  path: Assets/prefab/robot.prefab
  artifactKey: Guid(e5a1a9e506c604970aed0e56f3bc2e85) Importer(815301076,1909f56bfc062723c751e8b465ee728b)
Start importing Assets/prefab/robot.prefab using Guid(e5a1a9e506c604970aed0e56f3bc2e85) Importer(815301076,1909f56bfc062723c751e8b465ee728b)  -> (artifact id: '38fb95e19bd3276ab65e4b1c34246134') in 0.008093 seconds 
  Import took 0.011547 seconds .

========================================================================
Received Import Request.
  Time since last request: 4.106898 seconds.
  path: Assets/prefab/robot.prefab
  artifactKey: Guid(e5a1a9e506c604970aed0e56f3bc2e85) Importer(815301076,1909f56bfc062723c751e8b465ee728b)
Start importing Assets/prefab/robot.prefab using Guid(e5a1a9e506c604970aed0e56f3bc2e85) Importer(815301076,1909f56bfc062723c751e8b465ee728b)  -> (artifact id: '53ec8d92c24f305b39ceff7f605a8657') in 0.008943 seconds 
  Import took 0.012655 seconds .

========================================================================
Received Import Request.
  Time since last request: 22.402769 seconds.
  path: Assets/prefab/CogBullet.prefab
  artifactKey: Guid(27ef9ec715e574f2380fd47b14b3a212) Importer(815301076,1909f56bfc062723c751e8b465ee728b)
Start importing Assets/prefab/CogBullet.prefab using Guid(27ef9ec715e574f2380fd47b14b3a212) Importer(815301076,1909f56bfc062723c751e8b465ee728b)  -> (artifact id: 'c2a4f3535ac2e276aadbd082b4d4bb62') in 0.008380 seconds 
  Import took 0.011951 seconds .

========================================================================
Received Prepare
Registering precompiled user dll's ...
Registered in 0.002763 seconds.
Begin MonoManager ReloadAssembly
Native extension for OSXStandalone target not found
Refreshing native plugins compatible for Editor in 1.35 ms, found 3 plugins.
Preloading 0 native plugins for Editor in 0.00 ms.
Mono: successfully reloaded assembly
- Completed reload, in  1.064 seconds
Domain Reload Profiling:
	ReloadAssembly (1065ms)
		BeginReloadAssembly (107ms)
			ExecutionOrderSort (0ms)
			DisableScriptedObjects (5ms)
			BackupInstance (0ms)
			ReleaseScriptingObjects (0ms)
			CreateAndSetChildDomain (53ms)
		EndReloadAssembly (903ms)
			LoadAssemblies (63ms)
			RebuildTransferFunctionScriptingTraits (0ms)
			SetupTypeCache (302ms)
			ReleaseScriptCaches (1ms)
			RebuildScriptCaches (61ms)
			SetupLoadedEditorAssemblies (318ms)
				LogAssemblyErrors (0ms)
				InitializePlatformSupportModulesInManaged (7ms)
				SetLoadedEditorAssemblies (1ms)
				RefreshPlugins (1ms)
				BeforeProcessingInitializeOnLoad (115ms)
				ProcessInitializeOnLoadAttributes (183ms)
				ProcessInitializeOnLoadMethodAttributes (10ms)
				AfterProcessingInitializeOnLoad (1ms)
				EditorAssembliesLoaded (0ms)
			ExecutionOrderSort2 (0ms)
			AwakeInstancesAfterBackupRestoration (8ms)
Platform modules already initialized, skipping
Refreshing native plugins compatible for Editor in 0.40 ms, found 3 plugins.
Preloading 0 native plugins for Editor in 0.00 ms.
Unloading 2197 Unused Serialized files (Serialized files now loaded: 0)
System memory in use before: 226.0 MB.
System memory in use after: 225.9 MB.

Unloading 23 unused Assets to reduce memory usage. Loaded Objects now: 2683.
Total: 2.343919 ms (FindLiveObjects: 0.136579 ms CreateObjectMapping: 0.068256 ms MarkObjects: 2.060207 ms  DeleteObjects: 0.077981 ms)

AssetImportParameters requested are different than current active one (requested -> active):
  custom:video-decoder-ogg-theora: a1e56fd34408186e4bbccfd4996cb3dc -> 
  custom:container-muxer-webm: aa71ff27fc2769a1b78a27578f13a17b -> 
  custom:container-demuxer-webm: 4f35f7cbe854078d1ac9338744f61a02 -> 
  custom:container-demuxer-ogg: 62fdf1f143b41e24485cea50d1cbac27 -> 
  custom:video-encoder-webm-vp8: eb34c28f22e8b96e1ab97ce403110664 -> 
  custom:framework-osx-AVFoundation: e770b220cccbd017edd2c1fefb359320 -> 
  custom:video-decoder-webm-vp8: 9c59270c3fd7afecdb556c50c9e8de78 -> 
  custom:audio-decoder-ogg-vorbis: bf7c407c2cedff20999df2af8eb42d56 -> 
  custom:audio-encoder-webm-vorbis: bf7c407c2cedff20999df2af8eb42d56 -> 
